<?xml version="1.0" encoding="UTF-8"?>
<robot generator="Robot 3.0.4 (Python 3.7.0 on darwin)" generated="20181112 14:46:07.531">
<suite id="s1" name="TC 001" source="/Users/gilberto.sanchez/code/practicas_python/robotframework/TC_001.robot">
<test id="s1-t1" name="TC_001 Browser Start and Close">
<kw name="Open Browser" library="Selenium2Library">
<doc>Opens a new browser instance to the given ``url``.</doc>
<arguments>
<arg>${URL}</arg>
<arg>${Browser}</arg>
</arguments>
<msg timestamp="20181112 14:46:07.653" level="INFO">Opening browser 'Chrome' to base url 'https://www.salesforce.com/mx/form/signup/sales-cloud/freetrial-sales-essentials/'.</msg>
<status status="PASS" starttime="20181112 14:46:07.652" endtime="20181112 14:46:13.699"></status>
</kw>
<kw name="Input Text" library="Selenium2Library">
<doc>Types the given ``text`` into text field identified by ``locator``.</doc>
<arguments>
<arg>name:UserFirstName</arg>
<arg>Fernando</arg>
</arguments>
<msg timestamp="20181112 14:46:13.700" level="INFO">Typing text 'Fernando' into text field 'name:UserFirstName'.</msg>
<status status="PASS" starttime="20181112 14:46:13.699" endtime="20181112 14:46:13.937"></status>
</kw>
<kw name="Input Text" library="Selenium2Library">
<doc>Types the given ``text`` into text field identified by ``locator``.</doc>
<arguments>
<arg>name:UserLastName</arg>
<arg>Dìaz</arg>
</arguments>
<msg timestamp="20181112 14:46:13.938" level="INFO">Typing text 'Dìaz' into text field 'name:UserLastName'.</msg>
<status status="PASS" starttime="20181112 14:46:13.938" endtime="20181112 14:46:14.055"></status>
</kw>
<kw name="Input Text" library="Selenium2Library">
<doc>Types the given ``text`` into text field identified by ``locator``.</doc>
<arguments>
<arg>name:UserTitle</arg>
<arg>Manager</arg>
</arguments>
<msg timestamp="20181112 14:46:14.056" level="INFO">Typing text 'Manager' into text field 'name:UserTitle'.</msg>
<status status="PASS" starttime="20181112 14:46:14.055" endtime="20181112 14:46:14.190"></status>
</kw>
<kw name="Input Text" library="Selenium2Library">
<doc>Types the given ``text`` into text field identified by ``locator``.</doc>
<arguments>
<arg>name:UserEmail</arg>
<arg>fer@mail.com</arg>
</arguments>
<msg timestamp="20181112 14:46:14.190" level="INFO">Typing text 'fer@mail.com' into text field 'name:UserEmail'.</msg>
<status status="PASS" starttime="20181112 14:46:14.190" endtime="20181112 14:46:14.373"></status>
</kw>
<kw name="Input Text" library="Selenium2Library">
<doc>Types the given ``text`` into text field identified by ``locator``.</doc>
<arguments>
<arg>name:UserPhone</arg>
<arg>98656789</arg>
</arguments>
<msg timestamp="20181112 14:46:14.373" level="INFO">Typing text '98656789' into text field 'name:UserPhone'.</msg>
<status status="PASS" starttime="20181112 14:46:14.373" endtime="20181112 14:46:14.515"></status>
</kw>
<kw name="Input Text" library="Selenium2Library">
<doc>Types the given ``text`` into text field identified by ``locator``.</doc>
<arguments>
<arg>name:CompanyName</arg>
<arg>Salesforce</arg>
</arguments>
<msg timestamp="20181112 14:46:14.516" level="INFO">Typing text 'Salesforce' into text field 'name:CompanyName'.</msg>
<status status="PASS" starttime="20181112 14:46:14.515" endtime="20181112 14:46:14.672"></status>
</kw>
<kw name="Click Link" library="Selenium2Library">
<doc>Clicks a link identified by ``locator``.</doc>
<arguments>
<arg>xpath:(//span[@class='selectBox-arrow'])[1]</arg>
</arguments>
<msg timestamp="20181112 14:46:14.673" level="INFO">Clicking link 'xpath:(//span[@class='selectBox-arrow'])[1]'.</msg>
<kw name="Capture Page Screenshot" library="Selenium2Library">
<doc>Takes screenshot of the current page and embeds it into log file.</doc>
<msg timestamp="20181112 14:46:15.195" level="INFO" html="yes">&lt;/td&gt;&lt;/tr&gt;&lt;tr&gt;&lt;td colspan="3"&gt;&lt;a href="selenium-screenshot-13.png"&gt;&lt;img src="selenium-screenshot-13.png" width="800px"&gt;&lt;/a&gt;</msg>
<status status="PASS" starttime="20181112 14:46:14.690" endtime="20181112 14:46:15.196"></status>
</kw>
<msg timestamp="20181112 14:46:15.202" level="FAIL">Link with locator 'xpath:(//span[@class='selectBox-arrow'])[1]' not found.</msg>
<status status="FAIL" starttime="20181112 14:46:14.672" endtime="20181112 14:46:15.202"></status>
</kw>
<status status="FAIL" starttime="20181112 14:46:07.652" endtime="20181112 14:46:15.202" critical="yes">Link with locator 'xpath:(//span[@class='selectBox-arrow'])[1]' not found.</status>
</test>
<status status="FAIL" starttime="20181112 14:46:07.534" endtime="20181112 14:46:15.203"></status>
</suite>
<statistics>
<total>
<stat pass="0" fail="1">Critical Tests</stat>
<stat pass="0" fail="1">All Tests</stat>
</total>
<tag>
</tag>
<suite>
<stat pass="0" fail="1" id="s1" name="TC 001">TC 001</stat>
</suite>
</statistics>
<errors>
</errors>
</robot>
